<?xml version="1.0" encoding="UTF-8"?>
<robot generator="Robot 4.1.2 (Python 3.10.0 on win32)" generated="20211213 22:53:38.421" rpa="false" schemaversion="2">
<suite id="s1" name="Tests" source="C:\Users\user\Desktop\personal projects\STSWENG-Robot-Exercise\tests">
<suite id="s1-s1" name="Testcases" source="C:\Users\user\Desktop\personal projects\STSWENG-Robot-Exercise\tests\testcases.robot">
<test id="s1-s1-t1" name="Valid User Log in">
<kw name="Open Browser" library="SeleniumLibrary">
<arg>https://www.saucedemo.com/</arg>
<arg>chrome</arg>
<doc>Opens a new browser instance to the optional ``url``.</doc>
<msg timestamp="20211213 22:53:38.607" level="INFO">Opening browser 'chrome' to base url 'https://www.saucedemo.com/'.</msg>
<status status="PASS" starttime="20211213 22:53:38.607" endtime="20211213 22:53:40.108"/>
</kw>
<kw name="Maximize Browser Window" library="SeleniumLibrary">
<doc>Maximizes current browser window.</doc>
<status status="PASS" starttime="20211213 22:53:40.108" endtime="20211213 22:53:40.228"/>
</kw>
<kw name="Page Should Contain Element" library="SeleniumLibrary">
<arg>login-button</arg>
<doc>Verifies that element ``locator`` is found on the current page.</doc>
<msg timestamp="20211213 22:53:40.236" level="INFO">Current page contains element 'login-button'.</msg>
<status status="PASS" starttime="20211213 22:53:40.228" endtime="20211213 22:53:40.236"/>
</kw>
<kw name="Input Text" library="SeleniumLibrary">
<arg>user-name</arg>
<arg>standard_user</arg>
<doc>Types the given ``text`` into the text field identified by ``locator``.</doc>
<msg timestamp="20211213 22:53:40.237" level="INFO">Typing text 'standard_user' into text field 'user-name'.</msg>
<status status="PASS" starttime="20211213 22:53:40.237" endtime="20211213 22:53:40.292"/>
</kw>
<kw name="Input Password" library="SeleniumLibrary">
<arg>password</arg>
<arg>secret_sauce</arg>
<doc>Types the given password into the text field identified by ``locator``.</doc>
<msg timestamp="20211213 22:53:40.292" level="INFO">Typing password into text field 'password'.</msg>
<msg timestamp="20211213 22:53:40.315" level="INFO">Temporally setting log level to: NONE</msg>
<msg timestamp="20211213 22:53:40.341" level="INFO">Log level changed from NONE to INFO.</msg>
<status status="PASS" starttime="20211213 22:53:40.292" endtime="20211213 22:53:40.341"/>
</kw>
<kw name="Click Button" library="SeleniumLibrary">
<arg>login-button</arg>
<doc>Clicks the button identified by ``locator``.</doc>
<msg timestamp="20211213 22:53:40.342" level="INFO">Clicking button 'login-button'.</msg>
<status status="PASS" starttime="20211213 22:53:40.342" endtime="20211213 22:53:40.400"/>
</kw>
<kw name="Element Text Should Be" library="SeleniumLibrary">
<arg>class:title</arg>
<arg>PRODUCTS</arg>
<doc>Verifies that element ``locator`` contains exact the text ``expected``.</doc>
<msg timestamp="20211213 22:53:40.401" level="INFO">Verifying element 'class:title' contains exact text 'PRODUCTS'.</msg>
<status status="PASS" starttime="20211213 22:53:40.401" endtime="20211213 22:53:40.416"/>
</kw>
<kw name="Close Browser" library="SeleniumLibrary" type="TEARDOWN">
<doc>Closes the current browser.</doc>
<status status="PASS" starttime="20211213 22:53:40.416" endtime="20211213 22:53:42.502"/>
</kw>
<status status="PASS" starttime="20211213 22:53:38.607" endtime="20211213 22:53:42.502"/>
</test>
<test id="s1-s1-t2" name="Invalid User Log in">
<kw name="Open Browser" library="SeleniumLibrary">
<arg>https://www.saucedemo.com/</arg>
<arg>chrome</arg>
<doc>Opens a new browser instance to the optional ``url``.</doc>
<msg timestamp="20211213 22:53:42.505" level="INFO">Opening browser 'chrome' to base url 'https://www.saucedemo.com/'.</msg>
<status status="PASS" starttime="20211213 22:53:42.505" endtime="20211213 22:53:43.885"/>
</kw>
<kw name="Maximize Browser Window" library="SeleniumLibrary">
<doc>Maximizes current browser window.</doc>
<status status="PASS" starttime="20211213 22:53:43.885" endtime="20211213 22:53:43.998"/>
</kw>
<kw name="Page Should Contain Element" library="SeleniumLibrary">
<arg>login-button</arg>
<doc>Verifies that element ``locator`` is found on the current page.</doc>
<msg timestamp="20211213 22:53:44.006" level="INFO">Current page contains element 'login-button'.</msg>
<status status="PASS" starttime="20211213 22:53:43.998" endtime="20211213 22:53:44.006"/>
</kw>
<kw name="Input Text" library="SeleniumLibrary">
<arg>user-name</arg>
<arg>standard_user</arg>
<doc>Types the given ``text`` into the text field identified by ``locator``.</doc>
<msg timestamp="20211213 22:53:44.007" level="INFO">Typing text 'standard_user' into text field 'user-name'.</msg>
<status status="PASS" starttime="20211213 22:53:44.006" endtime="20211213 22:53:44.061"/>
</kw>
<kw name="Input Password" library="SeleniumLibrary">
<arg>password</arg>
<arg>wrong_password</arg>
<doc>Types the given password into the text field identified by ``locator``.</doc>
<msg timestamp="20211213 22:53:44.061" level="INFO">Typing password into text field 'password'.</msg>
<msg timestamp="20211213 22:53:44.083" level="INFO">Temporally setting log level to: NONE</msg>
<msg timestamp="20211213 22:53:44.112" level="INFO">Log level changed from NONE to INFO.</msg>
<status status="PASS" starttime="20211213 22:53:44.061" endtime="20211213 22:53:44.112"/>
</kw>
<kw name="Click Button" library="SeleniumLibrary">
<arg>login-button</arg>
<doc>Clicks the button identified by ``locator``.</doc>
<msg timestamp="20211213 22:53:44.112" level="INFO">Clicking button 'login-button'.</msg>
<status status="PASS" starttime="20211213 22:53:44.112" endtime="20211213 22:53:44.153"/>
</kw>
<kw name="Element Text Should Be" library="SeleniumLibrary">
<arg>xpath://*[@id="login_button_container"]/div/form/div[3]/h3</arg>
<arg>Epic sadface: Username and password do not match any user in this service</arg>
<doc>Verifies that element ``locator`` contains exact the text ``expected``.</doc>
<msg timestamp="20211213 22:53:44.153" level="INFO">Verifying element 'xpath://*[@id="login_button_container"]/div/form/div[3]/h3' contains exact text 'Epic sadface: Username and password do not match any user in this service'.</msg>
<status status="PASS" starttime="20211213 22:53:44.153" endtime="20211213 22:53:44.168"/>
</kw>
<kw name="Close Browser" library="SeleniumLibrary" type="TEARDOWN">
<doc>Closes the current browser.</doc>
<status status="PASS" starttime="20211213 22:53:44.168" endtime="20211213 22:53:46.245"/>
</kw>
<status status="PASS" starttime="20211213 22:53:42.504" endtime="20211213 22:53:46.245"/>
</test>
<test id="s1-s1-t3" name="Locked Out User Login Attempt">
<kw name="Open Browser" library="SeleniumLibrary">
<arg>https://www.saucedemo.com/</arg>
<arg>chrome</arg>
<doc>Opens a new browser instance to the optional ``url``.</doc>
<msg timestamp="20211213 22:53:46.247" level="INFO">Opening browser 'chrome' to base url 'https://www.saucedemo.com/'.</msg>
<status status="PASS" starttime="20211213 22:53:46.247" endtime="20211213 22:53:47.709"/>
</kw>
<kw name="Maximize Browser Window" library="SeleniumLibrary">
<doc>Maximizes current browser window.</doc>
<status status="PASS" starttime="20211213 22:53:47.709" endtime="20211213 22:53:47.826"/>
</kw>
<kw name="Page Should Contain Element" library="SeleniumLibrary">
<arg>login-button</arg>
<doc>Verifies that element ``locator`` is found on the current page.</doc>
<msg timestamp="20211213 22:53:47.833" level="INFO">Current page contains element 'login-button'.</msg>
<status status="PASS" starttime="20211213 22:53:47.827" endtime="20211213 22:53:47.834"/>
</kw>
<kw name="Input Text" library="SeleniumLibrary">
<arg>user-name</arg>
<arg>locked_out_user</arg>
<doc>Types the given ``text`` into the text field identified by ``locator``.</doc>
<msg timestamp="20211213 22:53:47.834" level="INFO">Typing text 'locked_out_user' into text field 'user-name'.</msg>
<status status="PASS" starttime="20211213 22:53:47.834" endtime="20211213 22:53:47.889"/>
</kw>
<kw name="Input Password" library="SeleniumLibrary">
<arg>password</arg>
<arg>secret_sauce</arg>
<doc>Types the given password into the text field identified by ``locator``.</doc>
<msg timestamp="20211213 22:53:47.889" level="INFO">Typing password into text field 'password'.</msg>
<msg timestamp="20211213 22:53:47.911" level="INFO">Temporally setting log level to: NONE</msg>
<msg timestamp="20211213 22:53:47.937" level="INFO">Log level changed from NONE to INFO.</msg>
<status status="PASS" starttime="20211213 22:53:47.889" endtime="20211213 22:53:47.937"/>
</kw>
<kw name="Click Button" library="SeleniumLibrary">
<arg>login-button</arg>
<doc>Clicks the button identified by ``locator``.</doc>
<msg timestamp="20211213 22:53:47.937" level="INFO">Clicking button 'login-button'.</msg>
<status status="PASS" starttime="20211213 22:53:47.937" endtime="20211213 22:53:47.978"/>
</kw>
<kw name="Element Text Should Be" library="SeleniumLibrary">
<arg>xpath://*[@id="login_button_container"]/div/form/div[3]/h3</arg>
<arg>Epic sadface: Sorry, this user has been locked out.</arg>
<doc>Verifies that element ``locator`` contains exact the text ``expected``.</doc>
<msg timestamp="20211213 22:53:47.979" level="INFO">Verifying element 'xpath://*[@id="login_button_container"]/div/form/div[3]/h3' contains exact text 'Epic sadface: Sorry, this user has been locked out.'.</msg>
<status status="PASS" starttime="20211213 22:53:47.978" endtime="20211213 22:53:47.994"/>
</kw>
<kw name="Close Browser" library="SeleniumLibrary" type="TEARDOWN">
<doc>Closes the current browser.</doc>
<status status="PASS" starttime="20211213 22:53:47.995" endtime="20211213 22:53:50.078"/>
</kw>
<status status="PASS" starttime="20211213 22:53:46.246" endtime="20211213 22:53:50.078"/>
</test>
<test id="s1-s1-t4" name="Problem User Broken Inventory Page">
<kw name="Open Browser" library="SeleniumLibrary">
<arg>https://www.saucedemo.com/</arg>
<arg>chrome</arg>
<doc>Opens a new browser instance to the optional ``url``.</doc>
<msg timestamp="20211213 22:53:50.080" level="INFO">Opening browser 'chrome' to base url 'https://www.saucedemo.com/'.</msg>
<status status="PASS" starttime="20211213 22:53:50.079" endtime="20211213 22:53:51.714"/>
</kw>
<kw name="Maximize Browser Window" library="SeleniumLibrary">
<doc>Maximizes current browser window.</doc>
<status status="PASS" starttime="20211213 22:53:51.714" endtime="20211213 22:53:51.836"/>
</kw>
<kw name="Page Should Contain Element" library="SeleniumLibrary">
<arg>login-button</arg>
<doc>Verifies that element ``locator`` is found on the current page.</doc>
<msg timestamp="20211213 22:53:51.843" level="INFO">Current page contains element 'login-button'.</msg>
<status status="PASS" starttime="20211213 22:53:51.836" endtime="20211213 22:53:51.843"/>
</kw>
<kw name="Input Text" library="SeleniumLibrary">
<arg>user-name</arg>
<arg>problem_user</arg>
<doc>Types the given ``text`` into the text field identified by ``locator``.</doc>
<msg timestamp="20211213 22:53:51.843" level="INFO">Typing text 'problem_user' into text field 'user-name'.</msg>
<status status="PASS" starttime="20211213 22:53:51.843" endtime="20211213 22:53:51.898"/>
</kw>
<kw name="Input Password" library="SeleniumLibrary">
<arg>password</arg>
<arg>secret_sauce</arg>
<doc>Types the given password into the text field identified by ``locator``.</doc>
<msg timestamp="20211213 22:53:51.898" level="INFO">Typing password into text field 'password'.</msg>
<msg timestamp="20211213 22:53:51.920" level="INFO">Temporally setting log level to: NONE</msg>
<msg timestamp="20211213 22:53:51.947" level="INFO">Log level changed from NONE to INFO.</msg>
<status status="PASS" starttime="20211213 22:53:51.898" endtime="20211213 22:53:51.947"/>
</kw>
<kw name="Click Button" library="SeleniumLibrary">
<arg>login-button</arg>
<doc>Clicks the button identified by ``locator``.</doc>
<msg timestamp="20211213 22:53:51.948" level="INFO">Clicking button 'login-button'.</msg>
<status status="PASS" starttime="20211213 22:53:51.947" endtime="20211213 22:53:52.005"/>
</kw>
<kw name="Element Text Should Be" library="SeleniumLibrary">
<arg>class:title</arg>
<arg>PRODUCTS</arg>
<doc>Verifies that element ``locator`` contains exact the text ``expected``.</doc>
<msg timestamp="20211213 22:53:52.006" level="INFO">Verifying element 'class:title' contains exact text 'PRODUCTS'.</msg>
<status status="PASS" starttime="20211213 22:53:52.005" endtime="20211213 22:53:52.019"/>
</kw>
<kw name="Click Element" library="SeleniumLibrary">
<arg>item_1_title_link</arg>
<doc>Click the element identified by ``locator``.</doc>
<msg timestamp="20211213 22:53:52.020" level="INFO">Clicking element 'item_1_title_link'.</msg>
<status status="PASS" starttime="20211213 22:53:52.020" endtime="20211213 22:53:52.057"/>
</kw>
<kw name="Element Text Should Not Be" library="SeleniumLibrary">
<arg>class:inventory_details_name</arg>
<arg>Sauce Labs Bolt T-Shirt</arg>
<doc>Verifies that element ``locator`` does not contain exact the text ``not_expected``.</doc>
<msg timestamp="20211213 22:53:52.057" level="INFO">Verifying element 'class:inventory_details_name' does not contain exact text 'Sauce Labs Bolt T-Shirt'.</msg>
<status status="PASS" starttime="20211213 22:53:52.057" endtime="20211213 22:53:52.072"/>
</kw>
<kw name="Close Browser" library="SeleniumLibrary" type="TEARDOWN">
<doc>Closes the current browser.</doc>
<status status="PASS" starttime="20211213 22:53:52.073" endtime="20211213 22:53:54.165"/>
</kw>
<status status="PASS" starttime="20211213 22:53:50.079" endtime="20211213 22:53:54.166"/>
</test>
<test id="s1-s1-t5" name="Sort Product Name (A To Z)">
<kw name="Open Browser" library="SeleniumLibrary">
<arg>https://www.saucedemo.com/</arg>
<arg>chrome</arg>
<doc>Opens a new browser instance to the optional ``url``.</doc>
<msg timestamp="20211213 22:53:54.167" level="INFO">Opening browser 'chrome' to base url 'https://www.saucedemo.com/'.</msg>
<status status="PASS" starttime="20211213 22:53:54.167" endtime="20211213 22:53:55.610"/>
</kw>
<kw name="Maximize Browser Window" library="SeleniumLibrary">
<doc>Maximizes current browser window.</doc>
<status status="PASS" starttime="20211213 22:53:55.611" endtime="20211213 22:53:55.730"/>
</kw>
<kw name="Page Should Contain Element" library="SeleniumLibrary">
<arg>login-button</arg>
<doc>Verifies that element ``locator`` is found on the current page.</doc>
<msg timestamp="20211213 22:53:55.738" level="INFO">Current page contains element 'login-button'.</msg>
<status status="PASS" starttime="20211213 22:53:55.730" endtime="20211213 22:53:55.738"/>
</kw>
<kw name="Input Text" library="SeleniumLibrary">
<arg>user-name</arg>
<arg>standard_user</arg>
<doc>Types the given ``text`` into the text field identified by ``locator``.</doc>
<msg timestamp="20211213 22:53:55.739" level="INFO">Typing text 'standard_user' into text field 'user-name'.</msg>
<status status="PASS" starttime="20211213 22:53:55.738" endtime="20211213 22:53:55.793"/>
</kw>
<kw name="Input Password" library="SeleniumLibrary">
<arg>password</arg>
<arg>secret_sauce</arg>
<doc>Types the given password into the text field identified by ``locator``.</doc>
<msg timestamp="20211213 22:53:55.793" level="INFO">Typing password into text field 'password'.</msg>
<msg timestamp="20211213 22:53:55.816" level="INFO">Temporally setting log level to: NONE</msg>
<msg timestamp="20211213 22:53:55.842" level="INFO">Log level changed from NONE to INFO.</msg>
<status status="PASS" starttime="20211213 22:53:55.793" endtime="20211213 22:53:55.842"/>
</kw>
<kw name="Click Button" library="SeleniumLibrary">
<arg>login-button</arg>
<doc>Clicks the button identified by ``locator``.</doc>
<msg timestamp="20211213 22:53:55.843" level="INFO">Clicking button 'login-button'.</msg>
<status status="PASS" starttime="20211213 22:53:55.842" endtime="20211213 22:53:55.908"/>
</kw>
<kw name="Element Text Should Be" library="SeleniumLibrary">
<arg>class:title</arg>
<arg>PRODUCTS</arg>
<doc>Verifies that element ``locator`` contains exact the text ``expected``.</doc>
<msg timestamp="20211213 22:53:55.908" level="INFO">Verifying element 'class:title' contains exact text 'PRODUCTS'.</msg>
<status status="PASS" starttime="20211213 22:53:55.908" endtime="20211213 22:53:55.927"/>
</kw>
<kw name="Click Element" library="SeleniumLibrary">
<arg>class:product_sort_container</arg>
<doc>Click the element identified by ``locator``.</doc>
<msg timestamp="20211213 22:53:55.927" level="INFO">Clicking element 'class:product_sort_container'.</msg>
<status status="PASS" starttime="20211213 22:53:55.927" endtime="20211213 22:53:55.966"/>
</kw>
<kw name="Click Element" library="SeleniumLibrary">
<arg>xpath://*[@id="header_container"]/div[2]/div[2]/span/select/option[1]</arg>
<doc>Click the element identified by ``locator``.</doc>
<msg timestamp="20211213 22:53:55.967" level="INFO">Clicking element 'xpath://*[@id="header_container"]/div[2]/div[2]/span/select/option[1]'.</msg>
<status status="PASS" starttime="20211213 22:53:55.966" endtime="20211213 22:53:55.987"/>
</kw>
<kw name="Element Text Should Be" library="SeleniumLibrary">
<arg>class:inventory_item_name</arg>
<arg>Sauce Labs Backpack</arg>
<doc>Verifies that element ``locator`` contains exact the text ``expected``.</doc>
<msg timestamp="20211213 22:53:55.988" level="INFO">Verifying element 'class:inventory_item_name' contains exact text 'Sauce Labs Backpack'.</msg>
<status status="PASS" starttime="20211213 22:53:55.987" endtime="20211213 22:53:56.000"/>
</kw>
<kw name="Close Browser" library="SeleniumLibrary" type="TEARDOWN">
<doc>Closes the current browser.</doc>
<status status="PASS" starttime="20211213 22:53:56.001" endtime="20211213 22:53:58.087"/>
</kw>
<status status="PASS" starttime="20211213 22:53:54.167" endtime="20211213 22:53:58.088"/>
</test>
<test id="s1-s1-t6" name="Sort Product Name (Z To A)">
<kw name="Open Browser" library="SeleniumLibrary">
<arg>https://www.saucedemo.com/</arg>
<arg>chrome</arg>
<doc>Opens a new browser instance to the optional ``url``.</doc>
<msg timestamp="20211213 22:53:58.090" level="INFO">Opening browser 'chrome' to base url 'https://www.saucedemo.com/'.</msg>
<status status="PASS" starttime="20211213 22:53:58.090" endtime="20211213 22:53:59.442"/>
</kw>
<kw name="Maximize Browser Window" library="SeleniumLibrary">
<doc>Maximizes current browser window.</doc>
<status status="PASS" starttime="20211213 22:53:59.443" endtime="20211213 22:53:59.552"/>
</kw>
<kw name="Page Should Contain Element" library="SeleniumLibrary">
<arg>login-button</arg>
<doc>Verifies that element ``locator`` is found on the current page.</doc>
<msg timestamp="20211213 22:53:59.560" level="INFO">Current page contains element 'login-button'.</msg>
<status status="PASS" starttime="20211213 22:53:59.553" endtime="20211213 22:53:59.560"/>
</kw>
<kw name="Input Text" library="SeleniumLibrary">
<arg>user-name</arg>
<arg>standard_user</arg>
<doc>Types the given ``text`` into the text field identified by ``locator``.</doc>
<msg timestamp="20211213 22:53:59.560" level="INFO">Typing text 'standard_user' into text field 'user-name'.</msg>
<status status="PASS" starttime="20211213 22:53:59.560" endtime="20211213 22:53:59.615"/>
</kw>
<kw name="Input Password" library="SeleniumLibrary">
<arg>password</arg>
<arg>secret_sauce</arg>
<doc>Types the given password into the text field identified by ``locator``.</doc>
<msg timestamp="20211213 22:53:59.616" level="INFO">Typing password into text field 'password'.</msg>
<msg timestamp="20211213 22:53:59.637" level="INFO">Temporally setting log level to: NONE</msg>
<msg timestamp="20211213 22:53:59.662" level="INFO">Log level changed from NONE to INFO.</msg>
<status status="PASS" starttime="20211213 22:53:59.615" endtime="20211213 22:53:59.662"/>
</kw>
<kw name="Click Button" library="SeleniumLibrary">
<arg>login-button</arg>
<doc>Clicks the button identified by ``locator``.</doc>
<msg timestamp="20211213 22:53:59.662" level="INFO">Clicking button 'login-button'.</msg>
<status status="PASS" starttime="20211213 22:53:59.662" endtime="20211213 22:53:59.724"/>
</kw>
<kw name="Element Text Should Be" library="SeleniumLibrary">
<arg>class:title</arg>
<arg>PRODUCTS</arg>
<doc>Verifies that element ``locator`` contains exact the text ``expected``.</doc>
<msg timestamp="20211213 22:53:59.724" level="INFO">Verifying element 'class:title' contains exact text 'PRODUCTS'.</msg>
<status status="PASS" starttime="20211213 22:53:59.724" endtime="20211213 22:53:59.739"/>
</kw>
<kw name="Click Element" library="SeleniumLibrary">
<arg>class:product_sort_container</arg>
<doc>Click the element identified by ``locator``.</doc>
<msg timestamp="20211213 22:53:59.739" level="INFO">Clicking element 'class:product_sort_container'.</msg>
<status status="PASS" starttime="20211213 22:53:59.739" endtime="20211213 22:53:59.778"/>
</kw>
<kw name="Click Element" library="SeleniumLibrary">
<arg>xpath://*[@id="header_container"]/div[2]/div[2]/span/select/option[2]</arg>
<doc>Click the element identified by ``locator``.</doc>
<msg timestamp="20211213 22:53:59.779" level="INFO">Clicking element 'xpath://*[@id="header_container"]/div[2]/div[2]/span/select/option[2]'.</msg>
<status status="PASS" starttime="20211213 22:53:59.779" endtime="20211213 22:53:59.810"/>
</kw>
<kw name="Element Text Should Be" library="SeleniumLibrary">
<arg>class:inventory_item_name</arg>
<arg>Test.allTheThings() T-Shirt (Red)</arg>
<doc>Verifies that element ``locator`` contains exact the text ``expected``.</doc>
<msg timestamp="20211213 22:53:59.810" level="INFO">Verifying element 'class:inventory_item_name' contains exact text 'Test.allTheThings() T-Shirt (Red)'.</msg>
<status status="PASS" starttime="20211213 22:53:59.810" endtime="20211213 22:53:59.822"/>
</kw>
<kw name="Close Browser" library="SeleniumLibrary" type="TEARDOWN">
<doc>Closes the current browser.</doc>
<status status="PASS" starttime="20211213 22:53:59.822" endtime="20211213 22:54:01.906"/>
</kw>
<status status="PASS" starttime="20211213 22:53:58.089" endtime="20211213 22:54:01.906"/>
</test>
<test id="s1-s1-t7" name="Sort Products by Price (Low to High)">
<kw name="Open Browser" library="SeleniumLibrary">
<arg>https://www.saucedemo.com/</arg>
<arg>chrome</arg>
<doc>Opens a new browser instance to the optional ``url``.</doc>
<msg timestamp="20211213 22:54:01.908" level="INFO">Opening browser 'chrome' to base url 'https://www.saucedemo.com/'.</msg>
<status status="PASS" starttime="20211213 22:54:01.908" endtime="20211213 22:54:03.360"/>
</kw>
<kw name="Maximize Browser Window" library="SeleniumLibrary">
<doc>Maximizes current browser window.</doc>
<status status="PASS" starttime="20211213 22:54:03.361" endtime="20211213 22:54:03.477"/>
</kw>
<kw name="Page Should Contain Element" library="SeleniumLibrary">
<arg>login-button</arg>
<doc>Verifies that element ``locator`` is found on the current page.</doc>
<msg timestamp="20211213 22:54:03.485" level="INFO">Current page contains element 'login-button'.</msg>
<status status="PASS" starttime="20211213 22:54:03.477" endtime="20211213 22:54:03.485"/>
</kw>
<kw name="Input Text" library="SeleniumLibrary">
<arg>user-name</arg>
<arg>standard_user</arg>
<doc>Types the given ``text`` into the text field identified by ``locator``.</doc>
<msg timestamp="20211213 22:54:03.486" level="INFO">Typing text 'standard_user' into text field 'user-name'.</msg>
<status status="PASS" starttime="20211213 22:54:03.485" endtime="20211213 22:54:03.546"/>
</kw>
<kw name="Input Password" library="SeleniumLibrary">
<arg>password</arg>
<arg>secret_sauce</arg>
<doc>Types the given password into the text field identified by ``locator``.</doc>
<msg timestamp="20211213 22:54:03.546" level="INFO">Typing password into text field 'password'.</msg>
<msg timestamp="20211213 22:54:03.568" level="INFO">Temporally setting log level to: NONE</msg>
<msg timestamp="20211213 22:54:03.593" level="INFO">Log level changed from NONE to INFO.</msg>
<status status="PASS" starttime="20211213 22:54:03.546" endtime="20211213 22:54:03.593"/>
</kw>
<kw name="Click Button" library="SeleniumLibrary">
<arg>login-button</arg>
<doc>Clicks the button identified by ``locator``.</doc>
<msg timestamp="20211213 22:54:03.594" level="INFO">Clicking button 'login-button'.</msg>
<status status="PASS" starttime="20211213 22:54:03.594" endtime="20211213 22:54:03.654"/>
</kw>
<kw name="Element Text Should Be" library="SeleniumLibrary">
<arg>class:title</arg>
<arg>PRODUCTS</arg>
<doc>Verifies that element ``locator`` contains exact the text ``expected``.</doc>
<msg timestamp="20211213 22:54:03.655" level="INFO">Verifying element 'class:title' contains exact text 'PRODUCTS'.</msg>
<status status="PASS" starttime="20211213 22:54:03.655" endtime="20211213 22:54:03.669"/>
</kw>
<kw name="Click Element" library="SeleniumLibrary">
<arg>class:product_sort_container</arg>
<doc>Click the element identified by ``locator``.</doc>
<msg timestamp="20211213 22:54:03.669" level="INFO">Clicking element 'class:product_sort_container'.</msg>
<status status="PASS" starttime="20211213 22:54:03.669" endtime="20211213 22:54:03.705"/>
</kw>
<kw name="Click Element" library="SeleniumLibrary">
<arg>xpath://*[@id="header_container"]/div[2]/div[2]/span/select/option[3]</arg>
<doc>Click the element identified by ``locator``.</doc>
<msg timestamp="20211213 22:54:03.705" level="INFO">Clicking element 'xpath://*[@id="header_container"]/div[2]/div[2]/span/select/option[3]'.</msg>
<status status="PASS" starttime="20211213 22:54:03.705" endtime="20211213 22:54:03.733"/>
</kw>
<kw name="Element Text Should Be" library="SeleniumLibrary">
<arg>class:inventory_item_name</arg>
<arg>Sauce Labs Onesie</arg>
<doc>Verifies that element ``locator`` contains exact the text ``expected``.</doc>
<msg timestamp="20211213 22:54:03.734" level="INFO">Verifying element 'class:inventory_item_name' contains exact text 'Sauce Labs Onesie'.</msg>
<status status="PASS" starttime="20211213 22:54:03.734" endtime="20211213 22:54:03.747"/>
</kw>
<kw name="Close Browser" library="SeleniumLibrary" type="TEARDOWN">
<doc>Closes the current browser.</doc>
<status status="PASS" starttime="20211213 22:54:03.747" endtime="20211213 22:54:05.838"/>
</kw>
<status status="PASS" starttime="20211213 22:54:01.907" endtime="20211213 22:54:05.839"/>
</test>
<test id="s1-s1-t8" name="Sort Product by Price (High To Low)">
<kw name="Open Browser" library="SeleniumLibrary">
<arg>https://www.saucedemo.com/</arg>
<arg>chrome</arg>
<doc>Opens a new browser instance to the optional ``url``.</doc>
<msg timestamp="20211213 22:54:05.840" level="INFO">Opening browser 'chrome' to base url 'https://www.saucedemo.com/'.</msg>
<status status="PASS" starttime="20211213 22:54:05.840" endtime="20211213 22:54:07.326"/>
</kw>
<kw name="Maximize Browser Window" library="SeleniumLibrary">
<doc>Maximizes current browser window.</doc>
<status status="PASS" starttime="20211213 22:54:07.327" endtime="20211213 22:54:07.435"/>
</kw>
<kw name="Page Should Contain Element" library="SeleniumLibrary">
<arg>login-button</arg>
<doc>Verifies that element ``locator`` is found on the current page.</doc>
<msg timestamp="20211213 22:54:07.443" level="INFO">Current page contains element 'login-button'.</msg>
<status status="PASS" starttime="20211213 22:54:07.435" endtime="20211213 22:54:07.443"/>
</kw>
<kw name="Input Text" library="SeleniumLibrary">
<arg>user-name</arg>
<arg>standard_user</arg>
<doc>Types the given ``text`` into the text field identified by ``locator``.</doc>
<msg timestamp="20211213 22:54:07.444" level="INFO">Typing text 'standard_user' into text field 'user-name'.</msg>
<status status="PASS" starttime="20211213 22:54:07.444" endtime="20211213 22:54:07.498"/>
</kw>
<kw name="Input Password" library="SeleniumLibrary">
<arg>password</arg>
<arg>secret_sauce</arg>
<doc>Types the given password into the text field identified by ``locator``.</doc>
<msg timestamp="20211213 22:54:07.499" level="INFO">Typing password into text field 'password'.</msg>
<msg timestamp="20211213 22:54:07.520" level="INFO">Temporally setting log level to: NONE</msg>
<msg timestamp="20211213 22:54:07.546" level="INFO">Log level changed from NONE to INFO.</msg>
<status status="PASS" starttime="20211213 22:54:07.498" endtime="20211213 22:54:07.546"/>
</kw>
<kw name="Click Button" library="SeleniumLibrary">
<arg>login-button</arg>
<doc>Clicks the button identified by ``locator``.</doc>
<msg timestamp="20211213 22:54:07.546" level="INFO">Clicking button 'login-button'.</msg>
<status status="PASS" starttime="20211213 22:54:07.546" endtime="20211213 22:54:07.607"/>
</kw>
<kw name="Element Text Should Be" library="SeleniumLibrary">
<arg>class:title</arg>
<arg>PRODUCTS</arg>
<doc>Verifies that element ``locator`` contains exact the text ``expected``.</doc>
<msg timestamp="20211213 22:54:07.607" level="INFO">Verifying element 'class:title' contains exact text 'PRODUCTS'.</msg>
<status status="PASS" starttime="20211213 22:54:07.607" endtime="20211213 22:54:07.622"/>
</kw>
<kw name="Click Element" library="SeleniumLibrary">
<arg>class:product_sort_container</arg>
<doc>Click the element identified by ``locator``.</doc>
<msg timestamp="20211213 22:54:07.622" level="INFO">Clicking element 'class:product_sort_container'.</msg>
<status status="PASS" starttime="20211213 22:54:07.622" endtime="20211213 22:54:07.661"/>
</kw>
<kw name="Click Element" library="SeleniumLibrary">
<arg>xpath://*[@id="header_container"]/div[2]/div[2]/span/select/option[4]</arg>
<doc>Click the element identified by ``locator``.</doc>
<msg timestamp="20211213 22:54:07.661" level="INFO">Clicking element 'xpath://*[@id="header_container"]/div[2]/div[2]/span/select/option[4]'.</msg>
<status status="PASS" starttime="20211213 22:54:07.661" endtime="20211213 22:54:07.690"/>
</kw>
<kw name="Element Text Should Be" library="SeleniumLibrary">
<arg>class:inventory_item_name</arg>
<arg>Sauce Labs Fleece Jacket</arg>
<doc>Verifies that element ``locator`` contains exact the text ``expected``.</doc>
<msg timestamp="20211213 22:54:07.691" level="INFO">Verifying element 'class:inventory_item_name' contains exact text 'Sauce Labs Fleece Jacket'.</msg>
<status status="PASS" starttime="20211213 22:54:07.690" endtime="20211213 22:54:07.706"/>
</kw>
<kw name="Close Browser" library="SeleniumLibrary" type="TEARDOWN">
<doc>Closes the current browser.</doc>
<status status="PASS" starttime="20211213 22:54:07.707" endtime="20211213 22:54:09.777"/>
</kw>
<status status="PASS" starttime="20211213 22:54:05.840" endtime="20211213 22:54:09.777"/>
</test>
<doc>A Test Suite with the Different Test Cases for STSWENG Exercise

This Test Follows follow the example using keywords from
the Selenium Library</doc>
<status status="PASS" starttime="20211213 22:53:38.444" endtime="20211213 22:54:09.778"/>
</suite>
<status status="PASS" starttime="20211213 22:53:38.422" endtime="20211213 22:54:09.780"/>
</suite>
<statistics>
<total>
<stat pass="8" fail="0" skip="0">All Tests</stat>
</total>
<tag>
</tag>
<suite>
<stat pass="8" fail="0" skip="0" id="s1" name="Tests">Tests</stat>
<stat pass="8" fail="0" skip="0" id="s1-s1" name="Testcases">Tests.Testcases</stat>
</suite>
</statistics>
<errors>
</errors>
</robot>
