<?xml version="1.0" encoding="UTF-8"?>
<robot generator="Robot 4.1.2 (Python 3.10.0 on win32)" generated="20211213 20:54:36.010" rpa="false" schemaversion="2">
<suite id="s1" name="Tests" source="C:\Users\user\Desktop\personal projects\STSWENG-Robot-Exercise\tests">
<suite id="s1-s1" name="Valid Login" source="C:\Users\user\Desktop\personal projects\STSWENG-Robot-Exercise\tests\valid_login.robot">
<test id="s1-s1-t1" name="Valid User Log in">
<kw name="Open Browser" library="SeleniumLibrary">
<arg>https://www.saucedemo.com/</arg>
<arg>chrome</arg>
<doc>Opens a new browser instance to the optional ``url``.</doc>
<msg timestamp="20211213 20:54:36.186" level="INFO">Opening browser 'chrome' to base url 'https://www.saucedemo.com/'.</msg>
<status status="PASS" starttime="20211213 20:54:36.185" endtime="20211213 20:54:38.014"/>
</kw>
<kw name="Maximize Browser Window" library="SeleniumLibrary">
<doc>Maximizes current browser window.</doc>
<status status="PASS" starttime="20211213 20:54:38.014" endtime="20211213 20:54:38.134"/>
</kw>
<kw name="Page Should Contain Element" library="SeleniumLibrary">
<arg>login-button</arg>
<doc>Verifies that element ``locator`` is found on the current page.</doc>
<msg timestamp="20211213 20:54:38.142" level="INFO">Current page contains element 'login-button'.</msg>
<status status="PASS" starttime="20211213 20:54:38.135" endtime="20211213 20:54:38.142"/>
</kw>
<kw name="Input Text" library="SeleniumLibrary">
<arg>user-name</arg>
<arg>standard_user</arg>
<doc>Types the given ``text`` into the text field identified by ``locator``.</doc>
<msg timestamp="20211213 20:54:38.142" level="INFO">Typing text 'standard_user' into text field 'user-name'.</msg>
<status status="PASS" starttime="20211213 20:54:38.142" endtime="20211213 20:54:38.194"/>
</kw>
<kw name="Input Password" library="SeleniumLibrary">
<arg>password</arg>
<arg>secret_sauce</arg>
<doc>Types the given password into the text field identified by ``locator``.</doc>
<msg timestamp="20211213 20:54:38.195" level="INFO">Typing password into text field 'password'.</msg>
<msg timestamp="20211213 20:54:38.216" level="INFO">Temporally setting log level to: NONE</msg>
<msg timestamp="20211213 20:54:38.241" level="INFO">Log level changed from NONE to INFO.</msg>
<status status="PASS" starttime="20211213 20:54:38.195" endtime="20211213 20:54:38.241"/>
</kw>
<kw name="Click Button" library="SeleniumLibrary">
<arg>login-button</arg>
<doc>Clicks the button identified by ``locator``.</doc>
<msg timestamp="20211213 20:54:38.242" level="INFO">Clicking button 'login-button'.</msg>
<status status="PASS" starttime="20211213 20:54:38.242" endtime="20211213 20:54:38.302"/>
</kw>
<kw name="Element Text Should Be" library="SeleniumLibrary">
<arg>class:title</arg>
<arg>PRODUCTS</arg>
<doc>Verifies that element ``locator`` contains exact the text ``expected``.</doc>
<msg timestamp="20211213 20:54:38.302" level="INFO">Verifying element 'class:title' contains exact text 'PRODUCTS'.</msg>
<status status="PASS" starttime="20211213 20:54:38.302" endtime="20211213 20:54:38.316"/>
</kw>
<kw name="Close Browser" library="SeleniumLibrary" type="TEARDOWN">
<doc>Closes the current browser.</doc>
<status status="PASS" starttime="20211213 20:54:38.317" endtime="20211213 20:54:40.405"/>
</kw>
<status status="PASS" starttime="20211213 20:54:36.184" endtime="20211213 20:54:40.405"/>
</test>
<test id="s1-s1-t2" name="Invalid User Log in">
<kw name="Open Browser" library="SeleniumLibrary">
<arg>https://www.saucedemo.com/</arg>
<arg>chrome</arg>
<doc>Opens a new browser instance to the optional ``url``.</doc>
<msg timestamp="20211213 20:54:40.408" level="INFO">Opening browser 'chrome' to base url 'https://www.saucedemo.com/'.</msg>
<status status="PASS" starttime="20211213 20:54:40.407" endtime="20211213 20:54:41.769"/>
</kw>
<kw name="Maximize Browser Window" library="SeleniumLibrary">
<doc>Maximizes current browser window.</doc>
<status status="PASS" starttime="20211213 20:54:41.769" endtime="20211213 20:54:41.887"/>
</kw>
<kw name="Page Should Contain Element" library="SeleniumLibrary">
<arg>login-button</arg>
<doc>Verifies that element ``locator`` is found on the current page.</doc>
<msg timestamp="20211213 20:54:41.894" level="INFO">Current page contains element 'login-button'.</msg>
<status status="PASS" starttime="20211213 20:54:41.888" endtime="20211213 20:54:41.894"/>
</kw>
<kw name="Input Text" library="SeleniumLibrary">
<arg>user-name</arg>
<arg>standard_user</arg>
<doc>Types the given ``text`` into the text field identified by ``locator``.</doc>
<msg timestamp="20211213 20:54:41.895" level="INFO">Typing text 'standard_user' into text field 'user-name'.</msg>
<status status="PASS" starttime="20211213 20:54:41.894" endtime="20211213 20:54:41.945"/>
</kw>
<kw name="Input Password" library="SeleniumLibrary">
<arg>password</arg>
<arg>wrong_password</arg>
<doc>Types the given password into the text field identified by ``locator``.</doc>
<msg timestamp="20211213 20:54:41.946" level="INFO">Typing password into text field 'password'.</msg>
<msg timestamp="20211213 20:54:41.967" level="INFO">Temporally setting log level to: NONE</msg>
<msg timestamp="20211213 20:54:41.994" level="INFO">Log level changed from NONE to INFO.</msg>
<status status="PASS" starttime="20211213 20:54:41.946" endtime="20211213 20:54:41.994"/>
</kw>
<kw name="Click Button" library="SeleniumLibrary">
<arg>login-button</arg>
<doc>Clicks the button identified by ``locator``.</doc>
<msg timestamp="20211213 20:54:41.994" level="INFO">Clicking button 'login-button'.</msg>
<status status="PASS" starttime="20211213 20:54:41.994" endtime="20211213 20:54:42.033"/>
</kw>
<kw name="Page Should Contain" library="SeleniumLibrary">
<arg>Epic sadface: Username and password do not match any user in this service</arg>
<doc>Verifies that current page contains ``text``.</doc>
<msg timestamp="20211213 20:54:42.040" level="INFO">Current page contains text 'Epic sadface: Username and password do not match any user in this service'.</msg>
<status status="PASS" starttime="20211213 20:54:42.033" endtime="20211213 20:54:42.040"/>
</kw>
<kw name="Close Browser" library="SeleniumLibrary" type="TEARDOWN">
<doc>Closes the current browser.</doc>
<status status="PASS" starttime="20211213 20:54:42.041" endtime="20211213 20:54:44.121"/>
</kw>
<status status="PASS" starttime="20211213 20:54:40.407" endtime="20211213 20:54:44.121"/>
</test>
<test id="s1-s1-t3" name="Locked Out User Login Attempt">
<kw name="Open Browser" library="SeleniumLibrary">
<arg>https://www.saucedemo.com/</arg>
<arg>chrome</arg>
<doc>Opens a new browser instance to the optional ``url``.</doc>
<msg timestamp="20211213 20:54:44.123" level="INFO">Opening browser 'chrome' to base url 'https://www.saucedemo.com/'.</msg>
<status status="PASS" starttime="20211213 20:54:44.123" endtime="20211213 20:54:45.637"/>
</kw>
<kw name="Maximize Browser Window" library="SeleniumLibrary">
<doc>Maximizes current browser window.</doc>
<status status="PASS" starttime="20211213 20:54:45.637" endtime="20211213 20:54:45.756"/>
</kw>
<kw name="Page Should Contain Element" library="SeleniumLibrary">
<arg>login-button</arg>
<doc>Verifies that element ``locator`` is found on the current page.</doc>
<msg timestamp="20211213 20:54:45.764" level="INFO">Current page contains element 'login-button'.</msg>
<status status="PASS" starttime="20211213 20:54:45.756" endtime="20211213 20:54:45.764"/>
</kw>
<kw name="Input Text" library="SeleniumLibrary">
<arg>user-name</arg>
<arg>locked_out_user</arg>
<doc>Types the given ``text`` into the text field identified by ``locator``.</doc>
<msg timestamp="20211213 20:54:45.764" level="INFO">Typing text 'locked_out_user' into text field 'user-name'.</msg>
<status status="PASS" starttime="20211213 20:54:45.764" endtime="20211213 20:54:45.817"/>
</kw>
<kw name="Input Password" library="SeleniumLibrary">
<arg>password</arg>
<arg>secret_sauce</arg>
<doc>Types the given password into the text field identified by ``locator``.</doc>
<msg timestamp="20211213 20:54:45.817" level="INFO">Typing password into text field 'password'.</msg>
<msg timestamp="20211213 20:54:45.839" level="INFO">Temporally setting log level to: NONE</msg>
<msg timestamp="20211213 20:54:45.864" level="INFO">Log level changed from NONE to INFO.</msg>
<status status="PASS" starttime="20211213 20:54:45.817" endtime="20211213 20:54:45.864"/>
</kw>
<kw name="Click Button" library="SeleniumLibrary">
<arg>login-button</arg>
<doc>Clicks the button identified by ``locator``.</doc>
<msg timestamp="20211213 20:54:45.864" level="INFO">Clicking button 'login-button'.</msg>
<status status="PASS" starttime="20211213 20:54:45.864" endtime="20211213 20:54:45.904"/>
</kw>
<kw name="Page Should Contain" library="SeleniumLibrary">
<arg>Epic sadface: Sorry, this user has been locked out.</arg>
<doc>Verifies that current page contains ``text``.</doc>
<msg timestamp="20211213 20:54:45.912" level="INFO">Current page contains text 'Epic sadface: Sorry, this user has been locked out.'.</msg>
<status status="PASS" starttime="20211213 20:54:45.904" endtime="20211213 20:54:45.912"/>
</kw>
<kw name="Close Browser" library="SeleniumLibrary" type="TEARDOWN">
<doc>Closes the current browser.</doc>
<status status="PASS" starttime="20211213 20:54:45.912" endtime="20211213 20:54:47.990"/>
</kw>
<status status="PASS" starttime="20211213 20:54:44.122" endtime="20211213 20:54:47.990"/>
</test>
<doc>A Test Suite with a Single Test for Valid Login

This Test Follows follow the example using keywords from
the Selenium Library</doc>
<status status="PASS" starttime="20211213 20:54:36.031" endtime="20211213 20:54:47.992"/>
</suite>
<status status="PASS" starttime="20211213 20:54:36.011" endtime="20211213 20:54:47.994"/>
</suite>
<statistics>
<total>
<stat pass="3" fail="0" skip="0">All Tests</stat>
</total>
<tag>
</tag>
<suite>
<stat pass="3" fail="0" skip="0" id="s1" name="Tests">Tests</stat>
<stat pass="3" fail="0" skip="0" id="s1-s1" name="Valid Login">Tests.Valid Login</stat>
</suite>
</statistics>
<errors>
</errors>
</robot>
